<?xml version="1.0" encoding="UTF-8"?>
<testng-results ignored="0" total="1" passed="1" failed="0" skipped="0">
  <reporter-output>
  </reporter-output>
  <suite started-at="2024-01-30T12:26:09 IST" name="Default suite" finished-at="2024-01-30T12:26:13 IST" duration-ms="3384">
    <groups>
    </groups>
    <test started-at="2024-01-30T12:26:09 IST" name="Default test" finished-at="2024-01-30T12:26:13 IST" duration-ms="3384">
      <class name="com.api.JsonTests">
        <test-method signature="jsondata()[pri:0, instance:com.api.JsonTests@15ff3e9e]" started-at="2024-01-30T12:26:09 IST" name="jsondata" finished-at="2024-01-30T12:26:13 IST" duration-ms="3326" status="PASS">
          <reporter-output>
          </reporter-output>
        </test-method> <!-- jsondata -->
      </class> <!-- com.api.JsonTests -->
    </test> <!-- Default test -->
  </suite> <!-- Default suite -->
</testng-results>
