<?xml version="1.0" encoding="UTF-8"?>
<!-- Generated by org.testng.reporters.JUnitXMLReporter -->
<testsuite ignored="0" hostname="Shrisha-PC" failures="0" tests="3" name="Test" time="0.154" errors="0" timestamp="2024-01-30T11:25:33 IST">
  <testcase classname="com.carwale.examples.SearchProduct" name="test1" time="0.022"/>
  <testcase classname="com.carwale.examples.SearchProduct" name="test1" time="0.006"/>
  <testcase classname="com.carwale.examples.SearchProduct" name="test2" time="0.004"/>
</testsuite> <!-- Test -->
